c:\users\haltokyo\desktop\渡邉オンラインセット\_2025年度\担当科目\2_dx22\プロジェクト\20251105\20251023dx22カメラ\20240425.4e3c0557\x64\debug\vc143.pdb
c:\users\haltokyo\desktop\渡邉オンラインセット\_2025年度\担当科目\2_dx22\プロジェクト\20251105\20251023dx22カメラ\20240425.4e3c0557\x64\debug\vc143.idb
c:\users\haltokyo\desktop\渡邉オンラインセット\_2025年度\担当科目\2_dx22\プロジェクト\20251105\20251023dx22カメラ\20240425.4e3c0557\x64\debug\title.obj
c:\users\haltokyo\desktop\渡邉オンラインセット\_2025年度\担当科目\2_dx22\プロジェクト\20251105\20251023dx22カメラ\20240425.4e3c0557\x64\debug\sprite.obj
c:\users\haltokyo\desktop\渡邉オンラインセット\_2025年度\担当科目\2_dx22\プロジェクト\20251105\20251023dx22カメラ\20240425.4e3c0557\x64\debug\shader.obj
c:\users\haltokyo\desktop\渡邉オンラインセット\_2025年度\担当科目\2_dx22\プロジェクト\20251105\20251023dx22カメラ\20240425.4e3c0557\x64\debug\score.obj
c:\users\haltokyo\desktop\渡邉オンラインセット\_2025年度\担当科目\2_dx22\プロジェクト\20251105\20251023dx22カメラ\20240425.4e3c0557\x64\debug\result.obj
c:\users\haltokyo\desktop\渡邉オンラインセット\_2025年度\担当科目\2_dx22\プロジェクト\20251105\20251023dx22カメラ\20240425.4e3c0557\x64\debug\polygon3d.obj
c:\users\haltokyo\desktop\渡邉オンラインセット\_2025年度\担当科目\2_dx22\プロジェクト\20251105\20251023dx22カメラ\20240425.4e3c0557\x64\debug\polygon.obj
c:\users\haltokyo\desktop\渡邉オンラインセット\_2025年度\担当科目\2_dx22\プロジェクト\20251105\20251023dx22カメラ\20240425.4e3c0557\x64\debug\player.obj
c:\users\haltokyo\desktop\渡邉オンラインセット\_2025年度\担当科目\2_dx22\プロジェクト\20251105\20251023dx22カメラ\20240425.4e3c0557\x64\debug\manager.obj
c:\users\haltokyo\desktop\渡邉オンラインセット\_2025年度\担当科目\2_dx22\プロジェクト\20251105\20251023dx22カメラ\20240425.4e3c0557\x64\debug\main.obj
c:\users\haltokyo\desktop\渡邉オンラインセット\_2025年度\担当科目\2_dx22\プロジェクト\20251105\20251023dx22カメラ\20240425.4e3c0557\x64\debug\keyboard.obj
c:\users\haltokyo\desktop\渡邉オンラインセット\_2025年度\担当科目\2_dx22\プロジェクト\20251105\20251023dx22カメラ\20240425.4e3c0557\x64\debug\game.obj
c:\users\haltokyo\desktop\渡邉オンラインセット\_2025年度\担当科目\2_dx22\プロジェクト\20251105\20251023dx22カメラ\20240425.4e3c0557\x64\debug\field.obj
c:\users\haltokyo\desktop\渡邉オンラインセット\_2025年度\担当科目\2_dx22\プロジェクト\20251105\20251023dx22カメラ\20240425.4e3c0557\x64\debug\fade.obj
c:\users\haltokyo\desktop\渡邉オンラインセット\_2025年度\担当科目\2_dx22\プロジェクト\20251105\20251023dx22カメラ\20240425.4e3c0557\x64\debug\effect.obj
c:\users\haltokyo\desktop\渡邉オンラインセット\_2025年度\担当科目\2_dx22\プロジェクト\20251105\20251023dx22カメラ\20240425.4e3c0557\x64\debug\direct3d.obj
c:\users\haltokyo\desktop\渡邉オンラインセット\_2025年度\担当科目\2_dx22\プロジェクト\20251105\20251023dx22カメラ\20240425.4e3c0557\x64\debug\debug_ostream.obj
c:\users\haltokyo\desktop\渡邉オンラインセット\_2025年度\担当科目\2_dx22\プロジェクト\20251105\20251023dx22カメラ\20240425.4e3c0557\x64\debug\camera.obj
c:\users\haltokyo\desktop\渡邉オンラインセット\_2025年度\担当科目\2_dx22\プロジェクト\20251105\20251023dx22カメラ\20240425.4e3c0557\x64\debug\block.obj
c:\users\haltokyo\desktop\渡邉オンラインセット\_2025年度\担当科目\2_dx22\プロジェクト\20251105\20251023dx22カメラ\20240425.4e3c0557\x64\debug\audio.obj
c:\users\haltokyo\desktop\渡邉オンラインセット\_2025年度\担当科目\2_dx22\プロジェクト\20251029\20251023dx22カメラ\shader_pixel_2d.cso
c:\users\haltokyo\desktop\渡邉オンラインセット\_2025年度\担当科目\2_dx22\プロジェクト\20251029\20251023dx22カメラ\shader_vertex_2d.cso
c:\users\haltokyo\desktop\渡邉オンラインセット\_2025年度\担当科目\2_dx22\プロジェクト\20251105\20251023dx22カメラ\shader_pixel_2d.cso
c:\users\haltokyo\desktop\渡邉オンラインセット\_2025年度\担当科目\2_dx22\プロジェクト\20251105\20251023dx22カメラ\shader_vertex_2d.cso
c:\users\haltokyo\desktop\渡邉オンラインセット\_2025年度\担当科目\2_dx22\プロジェクト\20251105\20251023dx22カメラ\x64\debug\20240425_dx21_ウィンドウ作成版.exe
c:\users\haltokyo\desktop\渡邉オンラインセット\_2025年度\担当科目\2_dx22\プロジェクト\20251105\20251023dx22カメラ\x64\debug\20240425_dx21_ウィンドウ作成版.pdb
c:\users\haltokyo\desktop\渡邉オンラインセット\_2025年度\担当科目\2_dx22\プロジェクト\20251105\20251023dx22カメラ\20240425.4e3c0557\x64\debug\20240425_dx21_ウィンドウ作成版.ilk
c:\users\haltokyo\desktop\渡邉オンラインセット\_2025年度\担当科目\2_dx22\プロジェクト\20251105\20251023dx22カメラ\20240425.4e3c0557\x64\debug\20240425.4e3c0557.tlog\cl.command.1.tlog
c:\users\haltokyo\desktop\渡邉オンラインセット\_2025年度\担当科目\2_dx22\プロジェクト\20251105\20251023dx22カメラ\20240425.4e3c0557\x64\debug\20240425.4e3c0557.tlog\cl.items.tlog
c:\users\haltokyo\desktop\渡邉オンラインセット\_2025年度\担当科目\2_dx22\プロジェクト\20251105\20251023dx22カメラ\20240425.4e3c0557\x64\debug\20240425.4e3c0557.tlog\cl.read.1.tlog
c:\users\haltokyo\desktop\渡邉オンラインセット\_2025年度\担当科目\2_dx22\プロジェクト\20251105\20251023dx22カメラ\20240425.4e3c0557\x64\debug\20240425.4e3c0557.tlog\cl.write.1.tlog
c:\users\haltokyo\desktop\渡邉オンラインセット\_2025年度\担当科目\2_dx22\プロジェクト\20251105\20251023dx22カメラ\20240425.4e3c0557\x64\debug\20240425.4e3c0557.tlog\fxc.command.1.tlog
c:\users\haltokyo\desktop\渡邉オンラインセット\_2025年度\担当科目\2_dx22\プロジェクト\20251105\20251023dx22カメラ\20240425.4e3c0557\x64\debug\20240425.4e3c0557.tlog\fxc.read.1.tlog
c:\users\haltokyo\desktop\渡邉オンラインセット\_2025年度\担当科目\2_dx22\プロジェクト\20251105\20251023dx22カメラ\20240425.4e3c0557\x64\debug\20240425.4e3c0557.tlog\fxc.write.1.tlog
c:\users\haltokyo\desktop\渡邉オンラインセット\_2025年度\担当科目\2_dx22\プロジェクト\20251105\20251023dx22カメラ\20240425.4e3c0557\x64\debug\20240425.4e3c0557.tlog\link.command.1.tlog
c:\users\haltokyo\desktop\渡邉オンラインセット\_2025年度\担当科目\2_dx22\プロジェクト\20251105\20251023dx22カメラ\20240425.4e3c0557\x64\debug\20240425.4e3c0557.tlog\link.read.1.tlog
c:\users\haltokyo\desktop\渡邉オンラインセット\_2025年度\担当科目\2_dx22\プロジェクト\20251105\20251023dx22カメラ\20240425.4e3c0557\x64\debug\20240425.4e3c0557.tlog\link.secondary.1.tlog
c:\users\haltokyo\desktop\渡邉オンラインセット\_2025年度\担当科目\2_dx22\プロジェクト\20251105\20251023dx22カメラ\20240425.4e3c0557\x64\debug\20240425.4e3c0557.tlog\link.write.1.tlog
